Episode 0	Last length:     9	Average length: 1.00
Episode 100	Last length:    83	Average length: 1.00
Episode 200	Last length:    96	Average length: 1.00
Episode 300	Last length:   499	Average length: 1.00
Episode 400	Last length:   115	Average length: 1.00
Episode 500	Last length:   278	Average length: 1.00
Episode 600	Last length:   499	Average length: 1.00
Episode 700	Last length:   499	Average length: 1.00
Episode 800	Last length:    21	Average length: 1.00
Episode 900	Last length:   120	Average length: 1.00
Episode 0	Last length:    13	Average length: 1.00
Episode 100	Last length:    75	Average length: 1.00
Episode 200	Last length:   124	Average length: 1.00
Episode 300	Last length:   499	Average length: 1.00
Episode 400	Last length:   499	Average length: 1.00
Episode 500	Last length:   499	Average length: 1.00
Episode 600	Last length:   499	Average length: 1.00
Episode 700	Last length:   499	Average length: 1.00
Episode 800	Last length:   499	Average length: 1.00
Episode 900	Last length:   499	Average length: 1.00
Episode 0	Last length:    16	Average length: 1.00
Episode 100	Last length:   132	Average length: 1.00
Episode 200	Last length:   123	Average length: 1.00
Episode 300	Last length:   499	Average length: 1.00
Episode 400	Last length:   499	Average length: 1.00
Episode 500	Last length:   499	Average length: 1.00
Episode 600	Last length:   499	Average length: 1.00
Episode 700	Last length:   499	Average length: 1.00
Episode 800	Last length:   499	Average length: 1.00
Episode 900	Last length:   432	Average length: 1.00
Episode 0	Last length:    11	Average length: 1.00
Episode 100	Last length:   148	Average length: 1.00
Episode 200	Last length:   499	Average length: 1.00
Episode 300	Last length:   499	Average length: 1.00
Episode 400	Last length:   499	Average length: 1.00
Episode 500	Last length:   499	Average length: 1.00
Episode 600	Last length:   499	Average length: 1.00
Episode 700	Last length:   499	Average length: 1.00
Episode 800	Last length:   499	Average length: 1.00
Episode 900	Last length:   499	Average length: 1.00
Episode 0	Last length:    32	Average length: 1.00
Episode 100	Last length:   139	Average length: 1.00
Episode 200	Last length:   155	Average length: 1.00
Episode 300	Last length:   499	Average length: 1.00
Episode 400	Last length:   499	Average length: 1.00
Episode 500	Last length:   110	Average length: 1.00
Episode 600	Last length:   143	Average length: 1.00
Episode 700	Last length:   499	Average length: 1.00
Episode 800	Last length:   499	Average length: 1.00
Episode 900	Last length:   499	Average length: 1.00
Test Epoch: 0	Test Score: 158
Test Epoch: 1	Test Score: 182
Test Epoch: 2	Test Score: 176
Test Epoch: 3	Test Score: 175
Test Epoch: 4	Test Score: 171
Test Epoch: 5	Test Score: 177
Test Epoch: 6	Test Score: 181
Test Epoch: 7	Test Score: 161
Test Epoch: 8	Test Score: 182
Test Epoch: 9	Test Score: 172
Test Epoch: 10	Test Score: 178
Test Epoch: 11	Test Score: 174
Test Epoch: 12	Test Score: 178
Test Epoch: 13	Test Score: 174
Test Epoch: 14	Test Score: 174
Test Epoch: 15	Test Score: 179
Test Epoch: 16	Test Score: 180
Test Epoch: 17	Test Score: 174
Test Epoch: 18	Test Score: 172
Test Epoch: 19	Test Score: 169
Test Epoch: 20	Test Score: 189
Test Epoch: 21	Test Score: 168
Test Epoch: 22	Test Score: 160
Test Epoch: 23	Test Score: 174
Test Epoch: 24	Test Score: 179
Test Epoch: 25	Test Score: 168
Test Epoch: 26	Test Score: 169
Test Epoch: 27	Test Score: 172
Test Epoch: 28	Test Score: 182
Test Epoch: 29	Test Score: 189
Test Epoch: 30	Test Score: 169
Test Epoch: 31	Test Score: 167
Test Epoch: 32	Test Score: 174
Test Epoch: 33	Test Score: 178
Test Epoch: 34	Test Score: 166
Test Epoch: 35	Test Score: 177
Test Epoch: 36	Test Score: 170
Test Epoch: 37	Test Score: 181
Test Epoch: 38	Test Score: 171
Test Epoch: 39	Test Score: 160
Test Epoch: 40	Test Score: 182
Test Epoch: 41	Test Score: 178
Test Epoch: 42	Test Score: 176
Test Epoch: 43	Test Score: 183
Test Epoch: 44	Test Score: 176
Test Epoch: 45	Test Score: 185
Test Epoch: 46	Test Score: 171
Test Epoch: 47	Test Score: 177
Test Epoch: 48	Test Score: 172
Test Epoch: 49	Test Score: 182
Test Epoch: 50	Test Score: 158
Test Epoch: 51	Test Score: 177
Test Epoch: 52	Test Score: 181
Test Epoch: 53	Test Score: 177
Test Epoch: 54	Test Score: 186
Test Epoch: 55	Test Score: 178
Test Epoch: 56	Test Score: 177
Test Epoch: 57	Test Score: 168
Test Epoch: 58	Test Score: 182
Test Epoch: 59	Test Score: 170
Test Epoch: 60	Test Score: 179
Test Epoch: 61	Test Score: 179
Test Epoch: 62	Test Score: 182
Test Epoch: 63	Test Score: 164
Test Epoch: 64	Test Score: 175
Test Epoch: 65	Test Score: 181
Test Epoch: 66	Test Score: 172
Test Epoch: 67	Test Score: 188
Test Epoch: 68	Test Score: 187
Test Epoch: 69	Test Score: 170
Test Epoch: 70	Test Score: 170
Test Epoch: 71	Test Score: 187
Test Epoch: 72	Test Score: 175
Test Epoch: 73	Test Score: 171
Test Epoch: 74	Test Score: 178
Test Epoch: 75	Test Score: 178
Test Epoch: 76	Test Score: 176
Test Epoch: 77	Test Score: 173
Test Epoch: 78	Test Score: 172
Test Epoch: 79	Test Score: 166
Test Epoch: 80	Test Score: 173
Test Epoch: 81	Test Score: 173
Test Epoch: 82	Test Score: 168
Test Epoch: 83	Test Score: 167
Test Epoch: 84	Test Score: 188
Test Epoch: 85	Test Score: 180
Test Epoch: 86	Test Score: 179
Test Epoch: 87	Test Score: 177
Test Epoch: 88	Test Score: 182
Test Epoch: 89	Test Score: 174
Test Epoch: 90	Test Score: 166
Test Epoch: 91	Test Score: 171
Test Epoch: 92	Test Score: 191
Test Epoch: 93	Test Score: 165
Test Epoch: 94	Test Score: 186
Test Epoch: 95	Test Score: 173
Test Epoch: 96	Test Score: 173
Test Epoch: 97	Test Score: 168
Test Epoch: 98	Test Score: 162
Test Epoch: 99	Test Score: 179
Test Epoch: 100	Test Score: 159
Test Epoch: 101	Test Score: 175
Test Epoch: 102	Test Score: 174
Test Epoch: 103	Test Score: 173
Test Epoch: 104	Test Score: 178
Test Epoch: 105	Test Score: 190
Test Epoch: 106	Test Score: 167
Test Epoch: 107	Test Score: 185
Test Epoch: 108	Test Score: 177
Test Epoch: 109	Test Score: 167
Test Epoch: 110	Test Score: 186
Test Epoch: 111	Test Score: 174
Test Epoch: 112	Test Score: 170
Test Epoch: 113	Test Score: 162
Test Epoch: 114	Test Score: 172
Test Epoch: 115	Test Score: 171
Test Epoch: 116	Test Score: 189
Test Epoch: 117	Test Score: 184
Test Epoch: 118	Test Score: 178
Test Epoch: 119	Test Score: 181
Test Epoch: 120	Test Score: 168
Test Epoch: 121	Test Score: 177
Test Epoch: 122	Test Score: 173
Test Epoch: 123	Test Score: 180
Test Epoch: 124	Test Score: 171
Test Epoch: 125	Test Score: 171
Test Epoch: 126	Test Score: 164
Test Epoch: 127	Test Score: 173
Test Epoch: 128	Test Score: 175
Test Epoch: 129	Test Score: 178
Test Epoch: 130	Test Score: 176
Test Epoch: 131	Test Score: 178
Test Epoch: 132	Test Score: 166
Test Epoch: 133	Test Score: 174
Test Epoch: 134	Test Score: 179
Test Epoch: 135	Test Score: 174
Test Epoch: 136	Test Score: 184
Test Epoch: 137	Test Score: 177
Test Epoch: 138	Test Score: 187
Test Epoch: 139	Test Score: 168
Test Epoch: 140	Test Score: 181
Test Epoch: 141	Test Score: 169
Test Epoch: 142	Test Score: 163
Test Epoch: 143	Test Score: 175
Test Epoch: 144	Test Score: 172
Test Epoch: 145	Test Score: 167
Test Epoch: 146	Test Score: 182
Test Epoch: 147	Test Score: 171
Test Epoch: 148	Test Score: 181
Test Epoch: 149	Test Score: 190
Test Epoch: 150	Test Score: 167
Test Epoch: 151	Test Score: 171
Test Epoch: 152	Test Score: 167
Test Epoch: 153	Test Score: 171
Test Epoch: 154	Test Score: 174
Test Epoch: 155	Test Score: 172
Test Epoch: 156	Test Score: 170
Test Epoch: 157	Test Score: 175
Test Epoch: 158	Test Score: 175
Test Epoch: 159	Test Score: 179
Test Epoch: 160	Test Score: 177
Test Epoch: 161	Test Score: 185
Test Epoch: 162	Test Score: 176
Test Epoch: 163	Test Score: 165
Test Epoch: 164	Test Score: 164
Test Epoch: 165	Test Score: 172
Test Epoch: 166	Test Score: 179
Test Epoch: 167	Test Score: 159
Test Epoch: 168	Test Score: 160
Test Epoch: 169	Test Score: 174
Test Epoch: 170	Test Score: 180
Test Epoch: 171	Test Score: 175
Test Epoch: 172	Test Score: 175
Test Epoch: 173	Test Score: 179
Test Epoch: 174	Test Score: 185
Test Epoch: 175	Test Score: 171
Test Epoch: 176	Test Score: 179
Test Epoch: 177	Test Score: 174
Episode 0	Last length:    13	Average length: 1.00
Episode 100	Last length:    75	Average length: 1.00
Episode 200	Last length:   304	Average length: 1.00
Episode 300	Last length:   499	Average length: 1.00
Episode 400	Last length:   499	Average length: 1.00
Episode 500	Last length:   499	Average length: 1.00
Episode 600	Last length:   499	Average length: 1.00
Episode 700	Last length:   499	Average length: 1.00
Episode 800	Last length:   499	Average length: 1.00
Episode 900	Last length:   499	Average length: 1.00
Episode 0	Last length:    17	Average length: 1.00
Episode 100	Last length:   207	Average length: 1.00
Episode 200	Last length:   499	Average length: 1.00
Episode 300	Last length:   499	Average length: 1.00
Episode 400	Last length:   126	Average length: 1.00
Episode 500	Last length:   255	Average length: 1.00
Episode 600	Last length:    91	Average length: 1.00
Episode 700	Last length:   116	Average length: 1.00
Episode 800	Last length:   201	Average length: 1.00
Episode 900	Last length:   499	Average length: 1.00
Episode 0	Last length:    14	Average length: 1.00
Episode 100	Last length:   196	Average length: 1.00
Episode 200	Last length:   499	Average length: 1.00
Episode 300	Last length:   499	Average length: 1.00
Episode 400	Last length:   499	Average length: 1.00
Episode 500	Last length:   499	Average length: 1.00
Episode 600	Last length:   499	Average length: 1.00
Episode 700	Last length:   499	Average length: 1.00
Episode 800	Last length:   499	Average length: 1.00
Episode 900	Last length:   499	Average length: 1.00
Episode 0	Last length:     9	Average length: 1.00
Episode 100	Last length:   499	Average length: 1.00
Episode 200	Last length:   499	Average length: 1.00
Episode 300	Last length:   499	Average length: 1.00
Episode 400	Last length:    28	Average length: 1.00
Episode 500	Last length:   133	Average length: 1.00
Episode 600	Last length:   499	Average length: 1.00
Episode 700	Last length:   499	Average length: 1.00
Episode 800	Last length:   495	Average length: 1.00
Episode 900	Last length:   499	Average length: 1.00
Episode 0	Last length:    15	Average length: 1.00
Episode 100	Last length:   132	Average length: 1.00
Episode 200	Last length:   499	Average length: 1.00
Episode 300	Last length:   499	Average length: 1.00
Episode 400	Last length:   445	Average length: 1.00
Episode 500	Last length:   499	Average length: 1.00
Episode 600	Last length:   499	Average length: 1.00
Episode 700	Last length:   499	Average length: 1.00
Episode 800	Last length:   127	Average length: 1.00
Episode 900	Last length:   499	Average length: 1.00
Test Epoch: 0	Test Score: 500
Test Epoch: 1	Test Score: 500
Test Epoch: 2	Test Score: 500
Test Epoch: 3	Test Score: 500
Test Epoch: 4	Test Score: 500
Test Epoch: 5	Test Score: 500
Test Epoch: 6	Test Score: 500
Test Epoch: 7	Test Score: 500
Test Epoch: 8	Test Score: 500
Test Epoch: 9	Test Score: 500
Test Epoch: 10	Test Score: 500
Test Epoch: 11	Test Score: 500
Test Epoch: 12	Test Score: 500
Test Epoch: 13	Test Score: 500
Test Epoch: 14	Test Score: 500
Test Epoch: 15	Test Score: 500
Test Epoch: 16	Test Score: 500
Test Epoch: 17	Test Score: 500
Test Epoch: 18	Test Score: 500
Test Epoch: 19	Test Score: 500
Test Epoch: 20	Test Score: 500
Test Epoch: 21	Test Score: 500
Test Epoch: 22	Test Score: 500
Test Epoch: 23	Test Score: 500
Test Epoch: 24	Test Score: 500
Test Epoch: 25	Test Score: 500
Test Epoch: 26	Test Score: 500
Test Epoch: 27	Test Score: 500
Test Epoch: 28	Test Score: 500
Test Epoch: 29	Test Score: 500
Test Epoch: 30	Test Score: 500
Test Epoch: 31	Test Score: 500
Test Epoch: 32	Test Score: 500
Test Epoch: 33	Test Score: 500
Test Epoch: 34	Test Score: 500
Test Epoch: 35	Test Score: 500
Test Epoch: 36	Test Score: 500
Test Epoch: 37	Test Score: 500
Test Epoch: 38	Test Score: 500
Test Epoch: 39	Test Score: 500
Test Epoch: 40	Test Score: 500
Test Epoch: 41	Test Score: 500
Test Epoch: 42	Test Score: 500
Test Epoch: 43	Test Score: 500
Test Epoch: 44	Test Score: 500
Test Epoch: 45	Test Score: 500
Test Epoch: 46	Test Score: 500
Test Epoch: 47	Test Score: 500
Test Epoch: 48	Test Score: 500
Test Epoch: 49	Test Score: 500
Test Epoch: 50	Test Score: 500
Test Epoch: 51	Test Score: 500
Test Epoch: 52	Test Score: 500
Test Epoch: 53	Test Score: 500
Test Epoch: 54	Test Score: 500
Test Epoch: 55	Test Score: 500
Test Epoch: 56	Test Score: 500
Test Epoch: 57	Test Score: 500
Test Epoch: 58	Test Score: 500
Test Epoch: 59	Test Score: 500
Test Epoch: 60	Test Score: 500
Test Epoch: 61	Test Score: 500
Test Epoch: 62	Test Score: 500
Test Epoch: 63	Test Score: 500
Test Epoch: 64	Test Score: 500
Test Epoch: 65	Test Score: 500
Test Epoch: 66	Test Score: 500
Test Epoch: 67	Test Score: 500
Test Epoch: 68	Test Score: 500
Test Epoch: 69	Test Score: 500
Test Epoch: 70	Test Score: 500
Test Epoch: 71	Test Score: 500
Test Epoch: 72	Test Score: 500
Test Epoch: 73	Test Score: 500
Test Epoch: 74	Test Score: 500
Test Epoch: 75	Test Score: 500
Test Epoch: 76	Test Score: 500
Test Epoch: 77	Test Score: 500
Test Epoch: 78	Test Score: 500
Test Epoch: 79	Test Score: 500
Test Epoch: 80	Test Score: 500
Test Epoch: 81	Test Score: 500
Test Epoch: 82	Test Score: 500
Test Epoch: 83	Test Score: 500
Test Epoch: 84	Test Score: 500
Test Epoch: 85	Test Score: 500
Test Epoch: 86	Test Score: 500
Test Epoch: 87	Test Score: 500
Test Epoch: 88	Test Score: 500
Test Epoch: 89	Test Score: 500
Test Epoch: 90	Test Score: 500
Test Epoch: 91	Test Score: 500
Test Epoch: 92	Test Score: 500
Test Epoch: 93	Test Score: 500
Test Epoch: 94	Test Score: 500
Test Epoch: 95	Test Score: 500
Test Epoch: 96	Test Score: 500
Test Epoch: 97	Test Score: 500
Test Epoch: 98	Test Score: 500
Test Epoch: 99	Test Score: 500
Test Epoch: 100	Test Score: 500
Test Epoch: 101	Test Score: 500
Test Epoch: 102	Test Score: 500
Test Epoch: 103	Test Score: 500
Test Epoch: 104	Test Score: 500
Test Epoch: 105	Test Score: 500
Test Epoch: 106	Test Score: 500
Test Epoch: 107	Test Score: 500
Test Epoch: 108	Test Score: 500
Test Epoch: 109	Test Score: 500
Test Epoch: 110	Test Score: 500
Test Epoch: 111	Test Score: 500
Test Epoch: 112	Test Score: 500
Test Epoch: 113	Test Score: 500
Test Epoch: 114	Test Score: 500
Test Epoch: 115	Test Score: 500
Test Epoch: 116	Test Score: 500
Test Epoch: 117	Test Score: 500
Test Epoch: 118	Test Score: 500
Test Epoch: 119	Test Score: 500
Test Epoch: 120	Test Score: 500
Test Epoch: 121	Test Score: 500
Test Epoch: 122	Test Score: 500
Test Epoch: 123	Test Score: 500
Test Epoch: 124	Test Score: 500
Test Epoch: 125	Test Score: 500
Test Epoch: 126	Test Score: 500
Test Epoch: 127	Test Score: 500
Test Epoch: 128	Test Score: 500
Test Epoch: 129	Test Score: 500
Test Epoch: 130	Test Score: 500
Test Epoch: 131	Test Score: 500
Test Epoch: 132	Test Score: 500
Test Epoch: 133	Test Score: 500
Test Epoch: 134	Test Score: 500
Test Epoch: 135	Test Score: 500
Test Epoch: 136	Test Score: 500
Test Epoch: 137	Test Score: 500
Test Epoch: 138	Test Score: 500
Test Epoch: 139	Test Score: 500
Test Epoch: 140	Test Score: 500
Test Epoch: 141	Test Score: 500
Test Epoch: 142	Test Score: 500
Test Epoch: 143	Test Score: 500
Test Epoch: 144	Test Score: 500
Test Epoch: 145	Test Score: 93
Test Epoch: 146	Test Score: 500
Test Epoch: 147	Test Score: 500
Test Epoch: 148	Test Score: 500
Test Epoch: 149	Test Score: 500
Test Epoch: 150	Test Score: 500
Test Epoch: 151	Test Score: 500
Test Epoch: 152	Test Score: 500
Test Epoch: 153	Test Score: 500
Test Epoch: 154	Test Score: 500
Test Epoch: 155	Test Score: 72
Test Epoch: 156	Test Score: 500
Test Epoch: 157	Test Score: 500
Test Epoch: 158	Test Score: 500
Test Epoch: 159	Test Score: 500
Test Epoch: 160	Test Score: 500
Test Epoch: 161	Test Score: 500
Test Epoch: 162	Test Score: 500
Test Epoch: 163	Test Score: 500
Test Epoch: 164	Test Score: 500
Test Epoch: 165	Test Score: 500
Test Epoch: 166	Test Score: 500
Test Epoch: 167	Test Score: 500
Test Epoch: 168	Test Score: 500
Test Epoch: 169	Test Score: 500
Test Epoch: 170	Test Score: 500
Test Epoch: 171	Test Score: 500
Test Epoch: 172	Test Score: 500
Test Epoch: 173	Test Score: 500
Test Epoch: 174	Test Score: 500
Test Epoch: 175	Test Score: 500
Test Epoch: 176	Test Score: 500
Test Epoch: 177	Test Score: 500
Test Epoch: 178	Test Score: 171
Test Epoch: 179	Test Score: 173
Test Epoch: 180	Test Score: 176
Test Epoch: 181	Test Score: 180
Test Epoch: 182	Test Score: 178
Test Epoch: 183	Test Score: 165
Test Epoch: 184	Test Score: 171
Test Epoch: 185	Test Score: 177
Test Epoch: 186	Test Score: 172
Test Epoch: 187	Test Score: 179
Test Epoch: 188	Test Score: 171
Test Epoch: 189	Test Score: 173
Test Epoch: 190	Test Score: 175
Test Epoch: 191	Test Score: 179
Test Epoch: 192	Test Score: 169
Test Epoch: 193	Test Score: 182
Test Epoch: 194	Test Score: 167
Test Epoch: 195	Test Score: 172
Test Epoch: 196	Test Score: 183
Test Epoch: 197	Test Score: 162
Test Epoch: 198	Test Score: 164
Test Epoch: 199	Test Score: 171
Test Epoch: 200	Test Score: 168
Test Epoch: 201	Test Score: 175
Test Epoch: 202	Test Score: 171
Test Epoch: 203	Test Score: 166
Test Epoch: 204	Test Score: 178
Test Epoch: 205	Test Score: 176
Test Epoch: 206	Test Score: 175
Test Epoch: 207	Test Score: 173
Test Epoch: 208	Test Score: 183
Test Epoch: 209	Test Score: 169
Test Epoch: 210	Test Score: 177
Test Epoch: 211	Test Score: 175
Test Epoch: 212	Test Score: 176
Test Epoch: 213	Test Score: 163
Test Epoch: 214	Test Score: 181
Test Epoch: 215	Test Score: 182
Test Epoch: 216	Test Score: 180
Test Epoch: 217	Test Score: 166
Test Epoch: 218	Test Score: 178
Test Epoch: 219	Test Score: 176
Test Epoch: 220	Test Score: 167
Test Epoch: 221	Test Score: 187
Test Epoch: 222	Test Score: 174
Test Epoch: 223	Test Score: 175
Test Epoch: 224	Test Score: 185
Test Epoch: 225	Test Score: 163
Test Epoch: 226	Test Score: 170
Test Epoch: 227	Test Score: 184
Test Epoch: 228	Test Score: 165
Test Epoch: 229	Test Score: 168
Test Epoch: 230	Test Score: 166
Test Epoch: 231	Test Score: 166
Test Epoch: 232	Test Score: 168
Test Epoch: 233	Test Score: 168
Test Epoch: 234	Test Score: 167
Test Epoch: 235	Test Score: 175
Test Epoch: 236	Test Score: 175
Test Epoch: 237	Test Score: 180
Test Epoch: 238	Test Score: 178
Test Epoch: 239	Test Score: 161
Test Epoch: 240	Test Score: 179
Test Epoch: 241	Test Score: 193
Test Epoch: 242	Test Score: 178
Test Epoch: 243	Test Score: 170
Test Epoch: 244	Test Score: 175
Test Epoch: 245	Test Score: 176
Test Epoch: 246	Test Score: 176
Test Epoch: 247	Test Score: 170
Test Epoch: 248	Test Score: 175
Test Epoch: 249	Test Score: 178
Test Epoch: 250	Test Score: 175
Test Epoch: 251	Test Score: 174
Test Epoch: 252	Test Score: 175
Test Epoch: 253	Test Score: 177
Test Epoch: 254	Test Score: 172
Test Epoch: 255	Test Score: 185
Test Epoch: 256	Test Score: 170
Test Epoch: 257	Test Score: 174
Test Epoch: 258	Test Score: 177
Test Epoch: 259	Test Score: 175
Test Epoch: 260	Test Score: 177
Test Epoch: 261	Test Score: 168
Test Epoch: 262	Test Score: 182
Test Epoch: 263	Test Score: 173
Test Epoch: 264	Test Score: 169
Test Epoch: 265	Test Score: 172
Test Epoch: 266	Test Score: 176
Test Epoch: 267	Test Score: 174
Test Epoch: 268	Test Score: 172
Test Epoch: 269	Test Score: 177
Test Epoch: 270	Test Score: 179
Test Epoch: 271	Test Score: 178
Test Epoch: 272	Test Score: 175
Test Epoch: 273	Test Score: 184
Test Epoch: 274	Test Score: 184
Test Epoch: 275	Test Score: 178
Test Epoch: 276	Test Score: 185
Test Epoch: 277	Test Score: 166
Test Epoch: 278	Test Score: 165
Test Epoch: 279	Test Score: 175
Test Epoch: 280	Test Score: 189
Test Epoch: 281	Test Score: 173
Test Epoch: 282	Test Score: 172
Test Epoch: 283	Test Score: 167
Test Epoch: 284	Test Score: 175
Test Epoch: 285	Test Score: 179
Test Epoch: 286	Test Score: 184
Test Epoch: 287	Test Score: 171
Test Epoch: 288	Test Score: 183
Test Epoch: 289	Test Score: 168
Test Epoch: 290	Test Score: 193
Test Epoch: 291	Test Score: 179
Test Epoch: 292	Test Score: 170
Test Epoch: 293	Test Score: 169
Test Epoch: 294	Test Score: 185
Test Epoch: 295	Test Score: 173
Test Epoch: 296	Test Score: 170
Test Epoch: 297	Test Score: 168
Test Epoch: 298	Test Score: 181
Test Epoch: 299	Test Score: 174
Test Epoch: 300	Test Score: 181
Test Epoch: 301	Test Score: 173
Test Epoch: 302	Test Score: 183
Test Epoch: 303	Test Score: 169
Test Epoch: 304	Test Score: 172
Test Epoch: 305	Test Score: 175
Test Epoch: 306	Test Score: 174
Test Epoch: 307	Test Score: 165
Test Epoch: 308	Test Score: 180
Test Epoch: 309	Test Score: 168
Test Epoch: 310	Test Score: 178
Test Epoch: 311	Test Score: 180
Test Epoch: 312	Test Score: 177
Test Epoch: 313	Test Score: 163
Test Epoch: 314	Test Score: 170
Test Epoch: 315	Test Score: 170
Test Epoch: 316	Test Score: 175
Test Epoch: 317	Test Score: 183
Test Epoch: 318	Test Score: 164
Test Epoch: 319	Test Score: 166
Test Epoch: 320	Test Score: 184
Test Epoch: 321	Test Score: 166
Test Epoch: 322	Test Score: 178
Test Epoch: 323	Test Score: 174
Test Epoch: 324	Test Score: 178
Test Epoch: 325	Test Score: 175
Test Epoch: 326	Test Score: 173
Test Epoch: 327	Test Score: 175
Test Epoch: 328	Test Score: 174
Test Epoch: 329	Test Score: 179
Test Epoch: 330	Test Score: 171
Test Epoch: 331	Test Score: 175
Test Epoch: 332	Test Score: 176
Test Epoch: 333	Test Score: 171
Test Epoch: 334	Test Score: 181
Test Epoch: 335	Test Score: 189
Test Epoch: 336	Test Score: 177
Test Epoch: 337	Test Score: 173
Test Epoch: 338	Test Score: 168
Test Epoch: 339	Test Score: 165
Test Epoch: 340	Test Score: 176
Test Epoch: 341	Test Score: 183
Test Epoch: 342	Test Score: 182
Test Epoch: 343	Test Score: 164
Test Epoch: 344	Test Score: 172
Test Epoch: 345	Test Score: 182
Test Epoch: 346	Test Score: 174
Test Epoch: 347	Test Score: 159
Test Epoch: 348	Test Score: 184
Test Epoch: 349	Test Score: 169
Test Epoch: 350	Test Score: 182
Test Epoch: 351	Test Score: 171
Test Epoch: 352	Test Score: 190
Test Epoch: 353	Test Score: 177
Test Epoch: 354	Test Score: 177
Test Epoch: 355	Test Score: 174
Test Epoch: 356	Test Score: 178
Test Epoch: 357	Test Score: 184
Test Epoch: 358	Test Score: 164
Test Epoch: 359	Test Score: 184
Test Epoch: 360	Test Score: 165
Test Epoch: 361	Test Score: 171
Test Epoch: 362	Test Score: 164
Test Epoch: 363	Test Score: 169
Test Epoch: 364	Test Score: 176
Test Epoch: 365	Test Score: 171
Test Epoch: 366	Test Score: 169
Test Epoch: 367	Test Score: 179
Test Epoch: 368	Test Score: 170
Test Epoch: 369	Test Score: 171
Test Epoch: 370	Test Score: 165
Test Epoch: 371	Test Score: 171
Test Epoch: 372	Test Score: 174
Test Epoch: 373	Test Score: 178
Test Epoch: 374	Test Score: 176
Test Epoch: 375	Test Score: 185
Test Epoch: 376	Test Score: 177
Test Epoch: 377	Test Score: 170
Test Epoch: 378	Test Score: 169
Test Epoch: 379	Test Score: 174
Test Epoch: 380	Test Score: 179
Test Epoch: 381	Test Score: 179
Test Epoch: 382	Test Score: 165
Test Epoch: 383	Test Score: 180
Test Epoch: 384	Test Score: 184
Test Epoch: 385	Test Score: 184
Test Epoch: 386	Test Score: 177
Test Epoch: 387	Test Score: 168
Test Epoch: 388	Test Score: 176
Test Epoch: 389	Test Score: 181
Test Epoch: 390	Test Score: 175
Test Epoch: 391	Test Score: 184
Test Epoch: 392	Test Score: 182
Test Epoch: 393	Test Score: 179
Test Epoch: 394	Test Score: 184
Test Epoch: 395	Test Score: 158
Test Epoch: 396	Test Score: 172
Test Epoch: 397	Test Score: 179
Test Epoch: 398	Test Score: 186
Test Epoch: 399	Test Score: 177
Test Epoch: 400	Test Score: 168
Test Epoch: 401	Test Score: 169
Test Epoch: 402	Test Score: 174
Test Epoch: 403	Test Score: 172
Test Epoch: 404	Test Score: 174
Test Epoch: 405	Test Score: 167
Test Epoch: 406	Test Score: 171
Test Epoch: 407	Test Score: 170
Test Epoch: 408	Test Score: 169
Test Epoch: 409	Test Score: 167
Test Epoch: 410	Test Score: 185
Test Epoch: 411	Test Score: 170
Test Epoch: 412	Test Score: 168
Test Epoch: 413	Test Score: 180
Test Epoch: 414	Test Score: 173
Test Epoch: 415	Test Score: 184
Test Epoch: 416	Test Score: 177
Test Epoch: 417	Test Score: 175
Test Epoch: 418	Test Score: 183
Test Epoch: 419	Test Score: 173
Test Epoch: 420	Test Score: 170
Test Epoch: 421	Test Score: 170
Test Epoch: 422	Test Score: 177
Test Epoch: 423	Test Score: 163
Test Epoch: 424	Test Score: 168
Test Epoch: 425	Test Score: 175
Test Epoch: 426	Test Score: 170
Test Epoch: 427	Test Score: 174
Test Epoch: 428	Test Score: 181
Test Epoch: 429	Test Score: 168
Test Epoch: 430	Test Score: 170
Test Epoch: 431	Test Score: 174
Test Epoch: 432	Test Score: 174
Test Epoch: 433	Test Score: 168
Test Epoch: 434	Test Score: 170
Test Epoch: 435	Test Score: 165
Test Epoch: 436	Test Score: 199
Test Epoch: 437	Test Score: 175
Test Epoch: 438	Test Score: 177
Test Epoch: 439	Test Score: 191
Test Epoch: 440	Test Score: 184
Test Epoch: 441	Test Score: 172
Test Epoch: 442	Test Score: 182
Test Epoch: 443	Test Score: 167
Test Epoch: 444	Test Score: 167
Test Epoch: 445	Test Score: 171
Test Epoch: 446	Test Score: 167
Test Epoch: 447	Test Score: 169
Test Epoch: 448	Test Score: 175
Test Epoch: 449	Test Score: 167
Test Epoch: 450	Test Score: 173
Test Epoch: 451	Test Score: 180
Test Epoch: 452	Test Score: 177
Test Epoch: 453	Test Score: 174
Test Epoch: 454	Test Score: 172
Test Epoch: 455	Test Score: 169
Test Epoch: 456	Test Score: 182
Test Epoch: 457	Test Score: 172
Test Epoch: 458	Test Score: 170
Test Epoch: 459	Test Score: 180
Test Epoch: 460	Test Score: 164
Test Epoch: 461	Test Score: 176
Test Epoch: 462	Test Score: 184
Test Epoch: 463	Test Score: 173
Test Epoch: 464	Test Score: 184
Test Epoch: 465	Test Score: 166
Test Epoch: 466	Test Score: 168
Test Epoch: 467	Test Score: 170
Test Epoch: 468	Test Score: 163
Test Epoch: 469	Test Score: 157
Test Epoch: 470	Test Score: 174
Test Epoch: 471	Test Score: 168
Test Epoch: 472	Test Score: 169
Test Epoch: 473	Test Score: 171
Test Epoch: 474	Test Score: 173
Test Epoch: 475	Test Score: 170
Test Epoch: 476	Test Score: 167
Test Epoch: 477	Test Score: 174
Test Epoch: 478	Test Score: 187
Test Epoch: 479	Test Score: 181
Test Epoch: 480	Test Score: 178
Test Epoch: 481	Test Score: 186
Test Epoch: 482	Test Score: 184
Test Epoch: 483	Test Score: 176
Test Epoch: 484	Test Score: 175
Test Epoch: 485	Test Score: 169
Test Epoch: 486	Test Score: 170
Test Epoch: 487	Test Score: 174
Test Epoch: 488	Test Score: 177
Test Epoch: 489	Test Score: 170
Test Epoch: 490	Test Score: 181
Test Epoch: 491	Test Score: 178
Test Epoch: 492	Test Score: 175
Test Epoch: 493	Test Score: 179
Test Epoch: 494	Test Score: 179
Test Epoch: 495	Test Score: 188
Test Epoch: 496	Test Score: 173
Test Epoch: 497	Test Score: 179
Test Epoch: 498	Test Score: 167
Test Epoch: 499	Test Score: 176
Test Epoch: 500	Test Score: 168
Test Epoch: 501	Test Score: 168
Test Epoch: 502	Test Score: 178
Test Epoch: 503	Test Score: 170
Test Epoch: 504	Test Score: 168
Test Epoch: 505	Test Score: 175
Test Epoch: 506	Test Score: 186
Test Epoch: 507	Test Score: 182
Test Epoch: 508	Test Score: 169
Test Epoch: 509	Test Score: 171
Test Epoch: 510	Test Score: 173
Test Epoch: 511	Test Score: 173
Test Epoch: 512	Test Score: 173
Test Epoch: 513	Test Score: 175
Test Epoch: 514	Test Score: 169
Test Epoch: 515	Test Score: 170
Test Epoch: 516	Test Score: 187
Test Epoch: 517	Test Score: 170
Test Epoch: 518	Test Score: 174
Test Epoch: 519	Test Score: 180
Test Epoch: 520	Test Score: 174
Test Epoch: 521	Test Score: 163
Test Epoch: 522	Test Score: 174
Test Epoch: 523	Test Score: 183
Test Epoch: 524	Test Score: 171
Test Epoch: 525	Test Score: 166
Test Epoch: 526	Test Score: 182
Test Epoch: 527	Test Score: 171
Test Epoch: 528	Test Score: 176
Test Epoch: 529	Test Score: 174
Test Epoch: 530	Test Score: 171
Test Epoch: 531	Test Score: 172
Test Epoch: 532	Test Score: 167
Test Epoch: 533	Test Score: 189
Test Epoch: 534	Test Score: 169
Test Epoch: 535	Test Score: 168
Test Epoch: 536	Test Score: 171
Test Epoch: 537	Test Score: 179
Test Epoch: 538	Test Score: 167
Test Epoch: 539	Test Score: 169
Test Epoch: 540	Test Score: 178
Test Epoch: 541	Test Score: 162
Test Epoch: 542	Test Score: 169
Test Epoch: 543	Test Score: 170
Test Epoch: 544	Test Score: 178
Test Epoch: 545	Test Score: 178
Test Epoch: 546	Test Score: 170
Test Epoch: 547	Test Score: 172
Test Epoch: 548	Test Score: 175
Test Epoch: 549	Test Score: 158
Test Epoch: 550	Test Score: 182
Test Epoch: 551	Test Score: 182
Test Epoch: 552	Test Score: 166
Test Epoch: 553	Test Score: 178
Test Epoch: 554	Test Score: 174
Test Epoch: 555	Test Score: 180
Test Epoch: 556	Test Score: 166
Test Epoch: 557	Test Score: 181
Test Epoch: 558	Test Score: 174
Test Epoch: 559	Test Score: 167
Test Epoch: 560	Test Score: 174
Test Epoch: 561	Test Score: 165
Test Epoch: 562	Test Score: 174
Test Epoch: 563	Test Score: 171
Test Epoch: 564	Test Score: 26
Test Epoch: 565	Test Score: 190
Test Epoch: 566	Test Score: 175
Test Epoch: 567	Test Score: 176
Test Epoch: 568	Test Score: 179
Test Epoch: 569	Test Score: 170
Test Epoch: 570	Test Score: 175
Test Epoch: 571	Test Score: 175
Test Epoch: 572	Test Score: 176
Test Epoch: 573	Test Score: 163
Test Epoch: 574	Test Score: 168
Test Epoch: 575	Test Score: 179
Test Epoch: 576	Test Score: 178
Test Epoch: 577	Test Score: 174
Test Epoch: 578	Test Score: 178
Test Epoch: 579	Test Score: 178
Test Epoch: 580	Test Score: 188
Test Epoch: 581	Test Score: 175
Test Epoch: 582	Test Score: 170
Test Epoch: 583	Test Score: 177
Test Epoch: 584	Test Score: 178
Test Epoch: 585	Test Score: 173
Test Epoch: 586	Test Score: 190
Test Epoch: 587	Test Score: 181
Test Epoch: 588	Test Score: 174
Test Epoch: 589	Test Score: 167
Test Epoch: 590	Test Score: 169
Test Epoch: 591	Test Score: 179
Test Epoch: 592	Test Score: 169
Test Epoch: 593	Test Score: 178
Test Epoch: 594	Test Score: 180
Test Epoch: 595	Test Score: 176
Test Epoch: 596	Test Score: 167
Test Epoch: 597	Test Score: 172
Test Epoch: 598	Test Score: 170
Test Epoch: 599	Test Score: 173
Test Epoch: 600	Test Score: 179
Test Epoch: 601	Test Score: 186
Test Epoch: 602	Test Score: 180
Test Epoch: 603	Test Score: 172
Test Epoch: 604	Test Score: 186
Test Epoch: 605	Test Score: 170
Test Epoch: 606	Test Score: 174
Test Epoch: 607	Test Score: 177
Test Epoch: 608	Test Score: 185
Test Epoch: 609	Test Score: 164
Test Epoch: 610	Test Score: 187
Test Epoch: 611	Test Score: 178
Test Epoch: 612	Test Score: 179
Test Epoch: 613	Test Score: 169
Test Epoch: 614	Test Score: 168
Test Epoch: 615	Test Score: 175
Test Epoch: 616	Test Score: 173
Test Epoch: 617	Test Score: 174
Test Epoch: 618	Test Score: 183
Test Epoch: 619	Test Score: 185
Test Epoch: 620	Test Score: 176
Test Epoch: 621	Test Score: 181
Test Epoch: 622	Test Score: 167
Test Epoch: 623	Test Score: 189
Test Epoch: 624	Test Score: 181
Test Epoch: 625	Test Score: 183
Test Epoch: 626	Test Score: 173
Test Epoch: 627	Test Score: 176
Test Epoch: 628	Test Score: 164
Test Epoch: 629	Test Score: 179
Test Epoch: 630	Test Score: 175
Test Epoch: 631	Test Score: 165
Test Epoch: 632	Test Score: 183
Test Epoch: 633	Test Score: 174
Test Epoch: 634	Test Score: 171
Test Epoch: 635	Test Score: 173
Test Epoch: 636	Test Score: 186
Test Epoch: 637	Test Score: 174
Test Epoch: 638	Test Score: 184
Test Epoch: 639	Test Score: 172
Test Epoch: 640	Test Score: 167
Test Epoch: 641	Test Score: 169
Test Epoch: 642	Test Score: 179
Test Epoch: 643	Test Score: 180
Test Epoch: 644	Test Score: 172
Test Epoch: 645	Test Score: 162
Test Epoch: 646	Test Score: 181
Test Epoch: 647	Test Score: 185
Test Epoch: 648	Test Score: 174
Test Epoch: 649	Test Score: 182
Test Epoch: 650	Test Score: 172
Test Epoch: 651	Test Score: 176
Test Epoch: 652	Test Score: 171
Test Epoch: 653	Test Score: 174
Test Epoch: 654	Test Score: 168
Test Epoch: 655	Test Score: 186
Test Epoch: 656	Test Score: 181
Test Epoch: 657	Test Score: 180
Test Epoch: 658	Test Score: 175
Test Epoch: 659	Test Score: 178
Test Epoch: 660	Test Score: 170
Test Epoch: 661	Test Score: 185
Test Epoch: 662	Test Score: 174
Test Epoch: 663	Test Score: 171
Test Epoch: 664	Test Score: 178
Test Epoch: 665	Test Score: 180
Test Epoch: 666	Test Score: 180
Test Epoch: 667	Test Score: 174
Test Epoch: 668	Test Score: 182
Test Epoch: 669	Test Score: 166
Test Epoch: 670	Test Score: 179
Test Epoch: 671	Test Score: 164
Test Epoch: 672	Test Score: 178
Test Epoch: 673	Test Score: 165
Test Epoch: 674	Test Score: 179
Test Epoch: 675	Test Score: 177
Test Epoch: 676	Test Score: 180
Test Epoch: 677	Test Score: 168
Test Epoch: 678	Test Score: 174
Test Epoch: 679	Test Score: 169
Test Epoch: 680	Test Score: 168
Test Epoch: 681	Test Score: 177
Test Epoch: 682	Test Score: 174
Test Epoch: 683	Test Score: 168
Test Epoch: 684	Test Score: 177
Test Epoch: 685	Test Score: 175
Test Epoch: 686	Test Score: 182
Test Epoch: 687	Test Score: 161
Test Epoch: 688	Test Score: 170
Test Epoch: 689	Test Score: 184
Test Epoch: 178	Test Score: 500
Test Epoch: 179	Test Score: 500
Test Epoch: 180	Test Score: 500
Test Epoch: 181	Test Score: 500
Test Epoch: 182	Test Score: 500
Test Epoch: 183	Test Score: 500
Test Epoch: 184	Test Score: 500
Test Epoch: 185	Test Score: 500
Test Epoch: 186	Test Score: 500
Test Epoch: 187	Test Score: 500
Test Epoch: 188	Test Score: 500
Test Epoch: 189	Test Score: 500
Test Epoch: 190	Test Score: 500
Test Epoch: 191	Test Score: 500
Test Epoch: 192	Test Score: 500
Test Epoch: 193	Test Score: 500
Test Epoch: 194	Test Score: 500
Test Epoch: 195	Test Score: 500
Test Epoch: 196	Test Score: 500
Test Epoch: 197	Test Score: 500
Test Epoch: 198	Test Score: 500
Test Epoch: 199	Test Score: 500
Test Epoch: 200	Test Score: 500
Test Epoch: 201	Test Score: 500
Test Epoch: 202	Test Score: 500
Test Epoch: 203	Test Score: 500
Test Epoch: 204	Test Score: 500
Test Epoch: 205	Test Score: 500
Test Epoch: 206	Test Score: 500
Test Epoch: 207	Test Score: 500
Test Epoch: 208	Test Score: 500
Test Epoch: 209	Test Score: 500
Test Epoch: 210	Test Score: 500
Test Epoch: 211	Test Score: 500
Test Epoch: 212	Test Score: 500
Test Epoch: 213	Test Score: 500
Test Epoch: 214	Test Score: 500
Test Epoch: 215	Test Score: 500
Test Epoch: 216	Test Score: 500
Test Epoch: 217	Test Score: 500
Test Epoch: 218	Test Score: 500
Test Epoch: 219	Test Score: 500
Test Epoch: 220	Test Score: 500
Test Epoch: 221	Test Score: 500
Test Epoch: 222	Test Score: 500
Test Epoch: 223	Test Score: 500
Test Epoch: 224	Test Score: 500
Test Epoch: 225	Test Score: 500
Test Epoch: 226	Test Score: 500
Test Epoch: 227	Test Score: 500
Test Epoch: 228	Test Score: 500
Test Epoch: 229	Test Score: 500
Test Epoch: 230	Test Score: 500
Test Epoch: 231	Test Score: 500
Test Epoch: 232	Test Score: 500
Test Epoch: 233	Test Score: 500
Test Epoch: 234	Test Score: 500
Test Epoch: 235	Test Score: 500
Test Epoch: 236	Test Score: 500
Test Epoch: 237	Test Score: 500
Test Epoch: 238	Test Score: 500
Test Epoch: 239	Test Score: 500
Test Epoch: 240	Test Score: 500
Test Epoch: 241	Test Score: 500
Test Epoch: 242	Test Score: 500
Test Epoch: 243	Test Score: 500
Test Epoch: 244	Test Score: 500
Test Epoch: 245	Test Score: 500
Test Epoch: 246	Test Score: 500
Test Epoch: 247	Test Score: 500
Test Epoch: 248	Test Score: 500
Test Epoch: 249	Test Score: 500
Test Epoch: 250	Test Score: 500
Test Epoch: 251	Test Score: 500
Test Epoch: 252	Test Score: 500
Test Epoch: 253	Test Score: 500
Test Epoch: 254	Test Score: 500
Test Epoch: 255	Test Score: 500
Test Epoch: 256	Test Score: 500
Test Epoch: 257	Test Score: 500
Test Epoch: 258	Test Score: 500
Test Epoch: 259	Test Score: 500
Test Epoch: 260	Test Score: 500
Test Epoch: 261	Test Score: 500
Test Epoch: 262	Test Score: 500
Test Epoch: 263	Test Score: 500
Test Epoch: 264	Test Score: 500
Test Epoch: 265	Test Score: 500
Test Epoch: 266	Test Score: 500
Test Epoch: 267	Test Score: 500
Test Epoch: 268	Test Score: 500
Test Epoch: 269	Test Score: 500
Test Epoch: 270	Test Score: 500
Test Epoch: 271	Test Score: 500
Test Epoch: 272	Test Score: 500
Test Epoch: 273	Test Score: 500
Test Epoch: 274	Test Score: 500
Test Epoch: 275	Test Score: 500
Test Epoch: 276	Test Score: 500
Test Epoch: 277	Test Score: 500
Test Epoch: 278	Test Score: 500
Test Epoch: 279	Test Score: 500
Test Epoch: 280	Test Score: 500
Test Epoch: 281	Test Score: 500
Test Epoch: 282	Test Score: 500
Test Epoch: 283	Test Score: 500
Test Epoch: 284	Test Score: 500
Test Epoch: 285	Test Score: 500
Test Epoch: 286	Test Score: 500
Test Epoch: 287	Test Score: 500
Test Epoch: 288	Test Score: 500
Test Epoch: 289	Test Score: 500
Test Epoch: 290	Test Score: 500
Test Epoch: 291	Test Score: 500
Test Epoch: 292	Test Score: 500
Test Epoch: 293	Test Score: 500
Test Epoch: 294	Test Score: 500
Test Epoch: 295	Test Score: 500
Test Epoch: 296	Test Score: 500
Test Epoch: 297	Test Score: 500
Test Epoch: 298	Test Score: 500
Test Epoch: 299	Test Score: 500
Test Epoch: 300	Test Score: 500
Test Epoch: 301	Test Score: 500
Test Epoch: 302	Test Score: 500
Test Epoch: 303	Test Score: 500
Test Epoch: 304	Test Score: 500
Test Epoch: 305	Test Score: 500
Test Epoch: 306	Test Score: 500
Test Epoch: 307	Test Score: 500
Test Epoch: 308	Test Score: 500
Test Epoch: 309	Test Score: 500
Test Epoch: 310	Test Score: 500
Test Epoch: 311	Test Score: 500
Test Epoch: 312	Test Score: 500
Test Epoch: 313	Test Score: 500
Test Epoch: 314	Test Score: 500
Test Epoch: 315	Test Score: 500
Test Epoch: 316	Test Score: 500
Test Epoch: 317	Test Score: 500
Test Epoch: 318	Test Score: 500
Test Epoch: 319	Test Score: 500
Test Epoch: 320	Test Score: 500
Test Epoch: 321	Test Score: 500
Test Epoch: 322	Test Score: 500
Test Epoch: 323	Test Score: 500
Test Epoch: 324	Test Score: 500
Test Epoch: 325	Test Score: 500
Test Epoch: 326	Test Score: 500
Test Epoch: 327	Test Score: 500
Test Epoch: 328	Test Score: 500
Test Epoch: 329	Test Score: 500
Test Epoch: 330	Test Score: 500
Test Epoch: 331	Test Score: 500
Test Epoch: 332	Test Score: 500
Test Epoch: 333	Test Score: 500
Test Epoch: 334	Test Score: 500
Test Epoch: 335	Test Score: 500
Test Epoch: 336	Test Score: 500
Test Epoch: 337	Test Score: 500
Test Epoch: 338	Test Score: 500
Test Epoch: 339	Test Score: 500
Test Epoch: 340	Test Score: 500
Test Epoch: 341	Test Score: 500
Test Epoch: 342	Test Score: 500
Test Epoch: 343	Test Score: 500
Test Epoch: 344	Test Score: 500
Test Epoch: 345	Test Score: 500
Test Epoch: 346	Test Score: 500
Test Epoch: 347	Test Score: 500
Test Epoch: 348	Test Score: 500
Test Epoch: 349	Test Score: 500
Test Epoch: 350	Test Score: 500
Test Epoch: 351	Test Score: 500
Test Epoch: 352	Test Score: 500
Test Epoch: 353	Test Score: 500
Test Epoch: 354	Test Score: 500
Test Epoch: 355	Test Score: 500
Test Epoch: 356	Test Score: 500
Test Epoch: 357	Test Score: 500
Test Epoch: 358	Test Score: 500
Test Epoch: 359	Test Score: 500
Test Epoch: 360	Test Score: 500
Test Epoch: 361	Test Score: 500
Test Epoch: 362	Test Score: 500
Test Epoch: 363	Test Score: 500
Test Epoch: 364	Test Score: 500
Test Epoch: 365	Test Score: 500
Test Epoch: 366	Test Score: 500
Test Epoch: 367	Test Score: 500
Test Epoch: 368	Test Score: 500
Test Epoch: 369	Test Score: 500
Test Epoch: 370	Test Score: 500
Test Epoch: 371	Test Score: 500
Test Epoch: 372	Test Score: 500
Test Epoch: 373	Test Score: 500
Test Epoch: 374	Test Score: 500
Test Epoch: 375	Test Score: 500
Test Epoch: 376	Test Score: 500
Test Epoch: 377	Test Score: 500
Test Epoch: 378	Test Score: 500
Test Epoch: 379	Test Score: 500
Test Epoch: 380	Test Score: 500
Test Epoch: 381	Test Score: 500
Test Epoch: 382	Test Score: 500
Test Epoch: 383	Test Score: 500
Test Epoch: 384	Test Score: 500
Test Epoch: 385	Test Score: 500
Test Epoch: 386	Test Score: 500
Test Epoch: 387	Test Score: 500
Test Epoch: 388	Test Score: 500
Test Epoch: 389	Test Score: 26
Test Epoch: 390	Test Score: 500
Test Epoch: 391	Test Score: 500
Test Epoch: 392	Test Score: 500
Test Epoch: 393	Test Score: 500
Test Epoch: 394	Test Score: 500
Test Epoch: 395	Test Score: 500
Test Epoch: 396	Test Score: 500
Test Epoch: 397	Test Score: 500
Test Epoch: 398	Test Score: 500
Test Epoch: 399	Test Score: 500
Test Epoch: 400	Test Score: 500
Test Epoch: 401	Test Score: 500
Test Epoch: 402	Test Score: 500
Test Epoch: 403	Test Score: 500
Test Epoch: 404	Test Score: 500
Test Epoch: 405	Test Score: 500
Test Epoch: 406	Test Score: 500
Test Epoch: 407	Test Score: 500
Test Epoch: 408	Test Score: 500
Test Epoch: 409	Test Score: 500
Test Epoch: 410	Test Score: 500
Test Epoch: 411	Test Score: 500
Test Epoch: 412	Test Score: 500
Test Epoch: 413	Test Score: 500
Test Epoch: 414	Test Score: 500
Test Epoch: 415	Test Score: 500
Test Epoch: 416	Test Score: 500
Test Epoch: 417	Test Score: 500
Test Epoch: 418	Test Score: 500
Test Epoch: 419	Test Score: 500
Test Epoch: 420	Test Score: 500
Test Epoch: 421	Test Score: 500
Test Epoch: 422	Test Score: 500
Test Epoch: 423	Test Score: 500
Test Epoch: 424	Test Score: 500
Test Epoch: 425	Test Score: 500
Test Epoch: 426	Test Score: 500
Test Epoch: 427	Test Score: 500
Test Epoch: 428	Test Score: 26
Test Epoch: 429	Test Score: 500
Test Epoch: 430	Test Score: 500
Test Epoch: 431	Test Score: 500
Test Epoch: 432	Test Score: 500
Test Epoch: 433	Test Score: 500
Test Epoch: 690	Test Score: 177
Test Epoch: 691	Test Score: 165
Test Epoch: 692	Test Score: 171
Test Epoch: 693	Test Score: 187
Test Epoch: 694	Test Score: 182
Test Epoch: 695	Test Score: 178
Test Epoch: 696	Test Score: 172
Test Epoch: 697	Test Score: 173
Test Epoch: 698	Test Score: 170
Test Epoch: 699	Test Score: 172
Test Epoch: 700	Test Score: 185
Test Epoch: 701	Test Score: 170
Test Epoch: 702	Test Score: 165
Test Epoch: 703	Test Score: 181
Test Epoch: 704	Test Score: 172
Test Epoch: 705	Test Score: 181
Test Epoch: 706	Test Score: 176
Test Epoch: 707	Test Score: 170
Test Epoch: 708	Test Score: 169
Test Epoch: 709	Test Score: 166
Test Epoch: 710	Test Score: 171
Test Epoch: 711	Test Score: 181
Test Epoch: 712	Test Score: 176
Test Epoch: 713	Test Score: 164
Test Epoch: 714	Test Score: 163
Test Epoch: 715	Test Score: 169
Test Epoch: 716	Test Score: 165
Test Epoch: 717	Test Score: 181
Test Epoch: 718	Test Score: 172
Test Epoch: 719	Test Score: 170
Test Epoch: 720	Test Score: 174
Test Epoch: 721	Test Score: 183
Test Epoch: 722	Test Score: 174
Test Epoch: 723	Test Score: 179
Test Epoch: 724	Test Score: 176
Test Epoch: 725	Test Score: 175
Test Epoch: 726	Test Score: 180
Test Epoch: 727	Test Score: 183
Test Epoch: 728	Test Score: 185
Test Epoch: 729	Test Score: 172
Test Epoch: 730	Test Score: 170
Test Epoch: 731	Test Score: 170
Test Epoch: 732	Test Score: 180
Test Epoch: 733	Test Score: 170
Test Epoch: 734	Test Score: 173
Test Epoch: 735	Test Score: 176
Test Epoch: 736	Test Score: 179
Test Epoch: 737	Test Score: 180
Test Epoch: 738	Test Score: 177
Test Epoch: 739	Test Score: 171
Test Epoch: 740	Test Score: 185
Test Epoch: 741	Test Score: 176
Test Epoch: 742	Test Score: 180
Test Epoch: 743	Test Score: 164
Test Epoch: 744	Test Score: 173
Test Epoch: 745	Test Score: 175
Test Epoch: 746	Test Score: 166
Test Epoch: 747	Test Score: 165
Test Epoch: 748	Test Score: 169
Test Epoch: 749	Test Score: 176
Test Epoch: 750	Test Score: 178
Test Epoch: 751	Test Score: 164
Test Epoch: 752	Test Score: 191
Test Epoch: 753	Test Score: 168
Test Epoch: 754	Test Score: 182
Test Epoch: 755	Test Score: 178
Test Epoch: 756	Test Score: 173
Test Epoch: 757	Test Score: 172
Test Epoch: 758	Test Score: 168
Test Epoch: 759	Test Score: 180
Test Epoch: 760	Test Score: 181
Test Epoch: 761	Test Score: 177
Test Epoch: 762	Test Score: 164
Test Epoch: 763	Test Score: 178
Test Epoch: 764	Test Score: 174
Test Epoch: 765	Test Score: 183
Test Epoch: 766	Test Score: 185
Test Epoch: 767	Test Score: 173
Test Epoch: 768	Test Score: 167
Test Epoch: 769	Test Score: 187
Test Epoch: 770	Test Score: 174
Test Epoch: 771	Test Score: 172
Test Epoch: 772	Test Score: 182
Test Epoch: 773	Test Score: 157
Test Epoch: 774	Test Score: 170
Test Epoch: 775	Test Score: 168
Test Epoch: 776	Test Score: 179
Test Epoch: 777	Test Score: 166
Test Epoch: 778	Test Score: 167
Test Epoch: 779	Test Score: 187
Test Epoch: 780	Test Score: 170
Test Epoch: 781	Test Score: 179
Test Epoch: 782	Test Score: 165
Test Epoch: 783	Test Score: 166
Test Epoch: 784	Test Score: 171
Test Epoch: 785	Test Score: 182
Test Epoch: 786	Test Score: 168
Test Epoch: 787	Test Score: 173
Test Epoch: 788	Test Score: 176
Test Epoch: 789	Test Score: 186
Test Epoch: 790	Test Score: 173
Test Epoch: 791	Test Score: 184
Test Epoch: 792	Test Score: 191
Test Epoch: 793	Test Score: 186
Test Epoch: 794	Test Score: 175
Test Epoch: 795	Test Score: 166
Test Epoch: 796	Test Score: 176
Test Epoch: 797	Test Score: 165
Test Epoch: 798	Test Score: 177
Test Epoch: 799	Test Score: 182
Test Epoch: 800	Test Score: 169
Test Epoch: 801	Test Score: 179
Test Epoch: 802	Test Score: 179
Test Epoch: 803	Test Score: 171
Test Epoch: 804	Test Score: 173
Test Epoch: 805	Test Score: 181
Test Epoch: 806	Test Score: 183
Test Epoch: 807	Test Score: 177
Test Epoch: 808	Test Score: 178
Test Epoch: 809	Test Score: 177
Test Epoch: 810	Test Score: 173
Test Epoch: 811	Test Score: 174
Test Epoch: 812	Test Score: 178
Test Epoch: 813	Test Score: 167
Test Epoch: 814	Test Score: 177
Test Epoch: 815	Test Score: 177
Test Epoch: 816	Test Score: 181
Test Epoch: 817	Test Score: 173
Test Epoch: 818	Test Score: 171
Test Epoch: 819	Test Score: 162
Test Epoch: 820	Test Score: 174
Test Epoch: 821	Test Score: 168
Test Epoch: 822	Test Score: 159
Test Epoch: 823	Test Score: 180
Test Epoch: 824	Test Score: 168
Test Epoch: 825	Test Score: 180
Test Epoch: 826	Test Score: 175
Test Epoch: 827	Test Score: 175
Test Epoch: 828	Test Score: 177
Test Epoch: 829	Test Score: 177
Test Epoch: 830	Test Score: 179
Test Epoch: 831	Test Score: 174
Test Epoch: 832	Test Score: 171
Test Epoch: 833	Test Score: 184
Test Epoch: 834	Test Score: 179
Test Epoch: 835	Test Score: 167
Test Epoch: 836	Test Score: 158
Test Epoch: 837	Test Score: 178
Test Epoch: 838	Test Score: 180
Test Epoch: 839	Test Score: 176
Test Epoch: 840	Test Score: 176
Test Epoch: 841	Test Score: 177
Test Epoch: 842	Test Score: 167
Test Epoch: 843	Test Score: 182
Test Epoch: 844	Test Score: 176
Test Epoch: 845	Test Score: 168
Test Epoch: 846	Test Score: 173
Test Epoch: 847	Test Score: 179
Test Epoch: 848	Test Score: 179
Test Epoch: 849	Test Score: 171
Test Epoch: 850	Test Score: 181
Test Epoch: 851	Test Score: 178
Test Epoch: 852	Test Score: 172
Test Epoch: 853	Test Score: 188
Test Epoch: 854	Test Score: 184
Test Epoch: 855	Test Score: 171
Test Epoch: 856	Test Score: 186
Test Epoch: 857	Test Score: 171
Test Epoch: 858	Test Score: 177
Test Epoch: 859	Test Score: 162
Test Epoch: 860	Test Score: 177
Test Epoch: 861	Test Score: 164
Test Epoch: 862	Test Score: 182
Test Epoch: 863	Test Score: 170
Test Epoch: 864	Test Score: 177
Test Epoch: 865	Test Score: 180
Test Epoch: 866	Test Score: 191
Test Epoch: 867	Test Score: 181
Test Epoch: 868	Test Score: 167
Test Epoch: 869	Test Score: 166
Test Epoch: 870	Test Score: 183
Test Epoch: 871	Test Score: 169
Test Epoch: 872	Test Score: 171
Test Epoch: 873	Test Score: 180
Test Epoch: 874	Test Score: 173
Test Epoch: 875	Test Score: 175
Test Epoch: 876	Test Score: 171
Test Epoch: 877	Test Score: 172
Test Epoch: 878	Test Score: 179
Test Epoch: 879	Test Score: 178
Test Epoch: 880	Test Score: 177
Test Epoch: 881	Test Score: 185
Test Epoch: 882	Test Score: 172
Test Epoch: 883	Test Score: 175
Test Epoch: 884	Test Score: 176
Test Epoch: 885	Test Score: 179
Test Epoch: 886	Test Score: 167
Test Epoch: 887	Test Score: 182
Test Epoch: 888	Test Score: 169
Test Epoch: 889	Test Score: 177
Test Epoch: 890	Test Score: 176
Test Epoch: 891	Test Score: 169
Test Epoch: 892	Test Score: 179
Test Epoch: 893	Test Score: 180
Test Epoch: 894	Test Score: 172
Test Epoch: 895	Test Score: 172
Test Epoch: 896	Test Score: 169
Test Epoch: 897	Test Score: 174
Test Epoch: 898	Test Score: 176
Test Epoch: 899	Test Score: 184
Test Epoch: 900	Test Score: 171
Test Epoch: 901	Test Score: 174
Test Epoch: 902	Test Score: 167
Test Epoch: 903	Test Score: 172
Test Epoch: 904	Test Score: 170
Test Epoch: 905	Test Score: 166
Test Epoch: 906	Test Score: 165
Test Epoch: 907	Test Score: 181
Test Epoch: 908	Test Score: 179
Test Epoch: 909	Test Score: 164
Test Epoch: 910	Test Score: 170
Test Epoch: 911	Test Score: 181
Test Epoch: 912	Test Score: 167
Test Epoch: 913	Test Score: 170
Test Epoch: 914	Test Score: 158
Test Epoch: 915	Test Score: 171
Test Epoch: 916	Test Score: 176
Test Epoch: 917	Test Score: 174
Test Epoch: 918	Test Score: 185
Test Epoch: 919	Test Score: 167
Test Epoch: 920	Test Score: 173
Test Epoch: 921	Test Score: 176
Test Epoch: 922	Test Score: 176
Test Epoch: 923	Test Score: 166
Test Epoch: 924	Test Score: 160
Test Epoch: 925	Test Score: 166
Test Epoch: 926	Test Score: 174
Test Epoch: 927	Test Score: 177
Test Epoch: 928	Test Score: 176
Test Epoch: 929	Test Score: 178
Test Epoch: 930	Test Score: 171
Test Epoch: 931	Test Score: 167
Test Epoch: 932	Test Score: 160
Test Epoch: 933	Test Score: 173
Test Epoch: 934	Test Score: 174
Test Epoch: 935	Test Score: 186
Test Epoch: 936	Test Score: 168
Test Epoch: 937	Test Score: 177
Test Epoch: 938	Test Score: 170
Test Epoch: 939	Test Score: 179
Test Epoch: 940	Test Score: 176
Test Epoch: 941	Test Score: 169
Test Epoch: 942	Test Score: 167
Test Epoch: 943	Test Score: 175
Test Epoch: 944	Test Score: 171
Test Epoch: 945	Test Score: 171
Test Epoch: 946	Test Score: 174
Test Epoch: 947	Test Score: 169
Test Epoch: 948	Test Score: 165
Test Epoch: 949	Test Score: 168
Test Epoch: 950	Test Score: 173
Test Epoch: 951	Test Score: 178
Test Epoch: 952	Test Score: 179
Test Epoch: 953	Test Score: 163
Test Epoch: 954	Test Score: 169
Test Epoch: 955	Test Score: 184
Test Epoch: 956	Test Score: 175
Test Epoch: 957	Test Score: 170
Test Epoch: 958	Test Score: 172
Test Epoch: 959	Test Score: 175
Test Epoch: 960	Test Score: 174
Test Epoch: 961	Test Score: 183
Test Epoch: 962	Test Score: 177
Test Epoch: 963	Test Score: 171
Test Epoch: 964	Test Score: 178
Test Epoch: 965	Test Score: 170
Test Epoch: 966	Test Score: 176
Test Epoch: 967	Test Score: 170
Test Epoch: 968	Test Score: 171
Test Epoch: 969	Test Score: 175
Test Epoch: 970	Test Score: 173
Test Epoch: 971	Test Score: 173
Test Epoch: 972	Test Score: 164
Test Epoch: 973	Test Score: 166
Test Epoch: 974	Test Score: 186
Test Epoch: 975	Test Score: 178
Test Epoch: 976	Test Score: 178
Test Epoch: 977	Test Score: 181
Test Epoch: 978	Test Score: 175
Test Epoch: 979	Test Score: 170
Test Epoch: 980	Test Score: 179
Test Epoch: 981	Test Score: 175
Test Epoch: 982	Test Score: 178
Test Epoch: 983	Test Score: 175
Test Epoch: 984	Test Score: 176
Test Epoch: 985	Test Score: 178
Test Epoch: 986	Test Score: 169
Test Epoch: 987	Test Score: 174
Test Epoch: 988	Test Score: 176
Test Epoch: 989	Test Score: 176
Test Epoch: 990	Test Score: 173
Test Epoch: 991	Test Score: 172
Test Epoch: 992	Test Score: 176
Test Epoch: 993	Test Score: 181
Test Epoch: 994	Test Score: 180
Test Epoch: 995	Test Score: 175
Test Epoch: 996	Test Score: 175
Test Epoch: 997	Test Score: 174
Test Epoch: 998	Test Score: 172
Test Epoch: 999	Test Score: 181
Test Epoch: 434	Test Score: 500
Test Epoch: 435	Test Score: 500
Test Epoch: 436	Test Score: 500
Test Epoch: 437	Test Score: 500
Test Epoch: 438	Test Score: 500
Test Epoch: 439	Test Score: 500
Test Epoch: 440	Test Score: 500
Test Epoch: 441	Test Score: 500
Test Epoch: 442	Test Score: 500
Test Epoch: 443	Test Score: 500
Test Epoch: 444	Test Score: 500
Test Epoch: 445	Test Score: 500
Test Epoch: 446	Test Score: 500
Test Epoch: 447	Test Score: 500
Test Epoch: 448	Test Score: 500
Test Epoch: 449	Test Score: 500
Test Epoch: 450	Test Score: 500
Test Epoch: 451	Test Score: 500
Test Epoch: 452	Test Score: 500
Test Epoch: 453	Test Score: 500
Test Epoch: 454	Test Score: 500
Test Epoch: 455	Test Score: 500
Test Epoch: 456	Test Score: 500
Test Epoch: 457	Test Score: 500
Test Epoch: 458	Test Score: 500
Test Epoch: 459	Test Score: 500
Test Epoch: 460	Test Score: 500
Test Epoch: 461	Test Score: 500
Test Epoch: 462	Test Score: 500
Test Epoch: 463	Test Score: 500
Test Epoch: 464	Test Score: 500
Test Epoch: 465	Test Score: 500
Test Epoch: 466	Test Score: 500
Test Epoch: 467	Test Score: 500
Test Epoch: 468	Test Score: 500
Test Epoch: 469	Test Score: 500
Test Epoch: 470	Test Score: 29
Test Epoch: 471	Test Score: 23
Test Epoch: 472	Test Score: 500
Test Epoch: 473	Test Score: 500
Test Epoch: 474	Test Score: 500
Test Epoch: 475	Test Score: 500
Test Epoch: 476	Test Score: 500
Test Epoch: 477	Test Score: 500
Test Epoch: 478	Test Score: 500
Test Epoch: 479	Test Score: 500
Test Epoch: 480	Test Score: 20
Test Epoch: 481	Test Score: 500
Test Epoch: 482	Test Score: 500
Test Epoch: 483	Test Score: 500
Test Epoch: 484	Test Score: 500
Test Epoch: 485	Test Score: 500
Test Epoch: 486	Test Score: 500
Test Epoch: 487	Test Score: 500
Test Epoch: 488	Test Score: 500
Test Epoch: 489	Test Score: 500
Test Epoch: 490	Test Score: 500
Test Epoch: 491	Test Score: 81
Test Epoch: 492	Test Score: 500
Test Epoch: 493	Test Score: 500
Test Epoch: 494	Test Score: 500
Test Epoch: 495	Test Score: 500
Test Epoch: 496	Test Score: 500
Test Epoch: 497	Test Score: 500
Test Epoch: 498	Test Score: 500
Test Epoch: 499	Test Score: 500
Test Epoch: 500	Test Score: 500
Test Epoch: 501	Test Score: 500
Test Epoch: 502	Test Score: 500
Test Epoch: 503	Test Score: 500
Test Epoch: 504	Test Score: 500
Test Epoch: 505	Test Score: 500
Test Epoch: 506	Test Score: 500
Test Epoch: 507	Test Score: 500
Test Epoch: 508	Test Score: 500
Test Epoch: 509	Test Score: 500
Test Epoch: 510	Test Score: 500
Test Epoch: 511	Test Score: 500
Test Epoch: 512	Test Score: 500
Test Epoch: 513	Test Score: 500
Test Epoch: 514	Test Score: 500
Test Epoch: 515	Test Score: 500
Test Epoch: 516	Test Score: 500
Test Epoch: 517	Test Score: 500
Test Epoch: 518	Test Score: 500
Test Epoch: 519	Test Score: 500
Test Epoch: 520	Test Score: 500
Test Epoch: 521	Test Score: 500
Test Epoch: 522	Test Score: 500
Test Epoch: 523	Test Score: 500
Test Epoch: 524	Test Score: 500
Test Epoch: 525	Test Score: 500
Test Epoch: 526	Test Score: 500
Test Epoch: 527	Test Score: 500
Test Epoch: 528	Test Score: 500
Test Epoch: 529	Test Score: 500
Test Epoch: 530	Test Score: 500
Test Epoch: 531	Test Score: 500
Test Epoch: 532	Test Score: 500
Test Epoch: 533	Test Score: 500
Test Epoch: 534	Test Score: 500
Test Epoch: 535	Test Score: 500
Test Epoch: 536	Test Score: 500
Test Epoch: 537	Test Score: 500
Test Epoch: 538	Test Score: 500
Test Epoch: 539	Test Score: 500
Test Epoch: 540	Test Score: 82
Test Epoch: 541	Test Score: 500
Test Epoch: 542	Test Score: 500
Test Epoch: 543	Test Score: 500
Test Epoch: 544	Test Score: 500
Test Epoch: 545	Test Score: 500
Test Epoch: 546	Test Score: 500
Test Epoch: 547	Test Score: 500
Test Epoch: 548	Test Score: 500
Test Epoch: 549	Test Score: 500
Test Epoch: 550	Test Score: 500
Test Epoch: 551	Test Score: 500
Test Epoch: 552	Test Score: 500
Test Epoch: 553	Test Score: 500
Test Epoch: 554	Test Score: 500
Test Epoch: 555	Test Score: 500
Test Epoch: 556	Test Score: 500
Test Epoch: 557	Test Score: 500
Test Epoch: 558	Test Score: 500
Test Epoch: 559	Test Score: 500
Test Epoch: 560	Test Score: 500
Test Epoch: 561	Test Score: 500
Test Epoch: 562	Test Score: 500
Test Epoch: 563	Test Score: 500
Test Epoch: 564	Test Score: 500
Test Epoch: 565	Test Score: 500
Test Epoch: 566	Test Score: 500
Test Epoch: 567	Test Score: 500
Test Epoch: 568	Test Score: 500
Test Epoch: 569	Test Score: 500
Test Epoch: 570	Test Score: 500
Test Epoch: 571	Test Score: 500
Test Epoch: 572	Test Score: 500
Test Epoch: 573	Test Score: 500
Test Epoch: 574	Test Score: 500
Test Epoch: 575	Test Score: 500
Test Epoch: 576	Test Score: 500
Test Epoch: 577	Test Score: 500
Test Epoch: 578	Test Score: 500
Test Epoch: 579	Test Score: 500
Test Epoch: 580	Test Score: 500
Test Epoch: 581	Test Score: 500
Test Epoch: 582	Test Score: 500
Test Epoch: 583	Test Score: 26
Test Epoch: 584	Test Score: 500
Test Epoch: 585	Test Score: 500
Test Epoch: 586	Test Score: 500
Test Epoch: 587	Test Score: 500
Test Epoch: 588	Test Score: 500
Test Epoch: 589	Test Score: 500
Test Epoch: 590	Test Score: 500
Test Epoch: 591	Test Score: 500
Test Epoch: 592	Test Score: 500
Test Epoch: 593	Test Score: 500
Test Epoch: 594	Test Score: 500
Test Epoch: 595	Test Score: 500
Test Epoch: 596	Test Score: 500
Test Epoch: 597	Test Score: 500
Test Epoch: 598	Test Score: 500
Test Epoch: 599	Test Score: 500
Test Epoch: 600	Test Score: 500
Test Epoch: 601	Test Score: 500
Test Epoch: 602	Test Score: 500
Test Epoch: 603	Test Score: 500
Test Epoch: 604	Test Score: 500
Test Epoch: 605	Test Score: 500
Test Epoch: 606	Test Score: 500
Test Epoch: 607	Test Score: 500
Test Epoch: 608	Test Score: 500
Test Epoch: 609	Test Score: 500
Test Epoch: 610	Test Score: 500
Test Epoch: 611	Test Score: 500
Test Epoch: 612	Test Score: 500
Test Epoch: 613	Test Score: 500
Test Epoch: 614	Test Score: 500
Test Epoch: 615	Test Score: 500
Test Epoch: 616	Test Score: 500
Test Epoch: 617	Test Score: 500
Test Epoch: 618	Test Score: 500
Test Epoch: 619	Test Score: 500
Test Epoch: 620	Test Score: 500
Test Epoch: 621	Test Score: 500
Test Epoch: 622	Test Score: 500
Test Epoch: 623	Test Score: 500
Test Epoch: 624	Test Score: 500
Test Epoch: 625	Test Score: 500
Test Epoch: 626	Test Score: 500
Test Epoch: 627	Test Score: 500
Test Epoch: 628	Test Score: 500
Test Epoch: 629	Test Score: 500
Test Epoch: 630	Test Score: 500
Test Epoch: 631	Test Score: 500
Test Epoch: 632	Test Score: 500
Test Epoch: 633	Test Score: 500
Test Epoch: 634	Test Score: 500
Test Epoch: 635	Test Score: 500
Test Epoch: 636	Test Score: 500
Test Epoch: 637	Test Score: 500
Test Epoch: 638	Test Score: 500
Test Epoch: 639	Test Score: 500
Test Epoch: 640	Test Score: 500
Test Epoch: 641	Test Score: 500
Test Epoch: 642	Test Score: 500
Test Epoch: 643	Test Score: 500
Test Epoch: 644	Test Score: 500
Test Epoch: 645	Test Score: 80
Test Epoch: 646	Test Score: 500
Test Epoch: 647	Test Score: 500
Test Epoch: 648	Test Score: 500
Test Epoch: 649	Test Score: 500
Test Epoch: 650	Test Score: 500
Test Epoch: 651	Test Score: 500
Test Epoch: 652	Test Score: 500
Test Epoch: 653	Test Score: 500
Test Epoch: 654	Test Score: 500
Test Epoch: 655	Test Score: 500
Test Epoch: 656	Test Score: 500
Test Epoch: 657	Test Score: 500
Test Epoch: 658	Test Score: 500
Test Epoch: 659	Test Score: 500
Test Epoch: 660	Test Score: 500
Test Epoch: 661	Test Score: 500
Test Epoch: 662	Test Score: 500
Test Epoch: 663	Test Score: 500
Test Epoch: 664	Test Score: 500
Test Epoch: 665	Test Score: 500
Test Epoch: 666	Test Score: 500
Test Epoch: 667	Test Score: 500
Test Epoch: 668	Test Score: 500
Test Epoch: 669	Test Score: 500
Test Epoch: 670	Test Score: 500
Test Epoch: 671	Test Score: 500
Test Epoch: 672	Test Score: 500
Test Epoch: 673	Test Score: 500
Test Epoch: 674	Test Score: 500
Test Epoch: 675	Test Score: 500
Test Epoch: 676	Test Score: 500
Test Epoch: 677	Test Score: 500
Test Epoch: 678	Test Score: 500
Test Epoch: 679	Test Score: 500
Test Epoch: 680	Test Score: 500
Test Epoch: 681	Test Score: 500
Test Epoch: 682	Test Score: 500
Test Epoch: 683	Test Score: 500
Test Epoch: 684	Test Score: 500
Test Epoch: 685	Test Score: 500
Test Epoch: 686	Test Score: 500
Test Epoch: 687	Test Score: 500
Test Epoch: 688	Test Score: 500
Test Epoch: 689	Test Score: 500
Test Epoch: 690	Test Score: 500
Test Epoch: 691	Test Score: 500
Test Epoch: 692	Test Score: 500
Test Epoch: 693	Test Score: 500
Test Epoch: 694	Test Score: 500
Test Epoch: 695	Test Score: 500
Test Epoch: 696	Test Score: 500
Test Epoch: 697	Test Score: 500
Test Epoch: 698	Test Score: 500
Test Epoch: 699	Test Score: 500
Test Epoch: 700	Test Score: 500
Test Epoch: 701	Test Score: 500
Test Epoch: 702	Test Score: 500
Test Epoch: 703	Test Score: 500
Test Epoch: 704	Test Score: 500
Test Epoch: 705	Test Score: 500
Test Epoch: 706	Test Score: 15
Test Epoch: 707	Test Score: 500
Test Epoch: 708	Test Score: 500
Test Epoch: 709	Test Score: 500
Test Epoch: 710	Test Score: 500
Test Epoch: 711	Test Score: 500
Test Epoch: 712	Test Score: 500
Test Epoch: 713	Test Score: 500
Test Epoch: 714	Test Score: 500
Test Epoch: 715	Test Score: 500
Test Epoch: 716	Test Score: 500
Test Epoch: 717	Test Score: 500
Test Epoch: 718	Test Score: 500
Test Epoch: 719	Test Score: 500
Test Epoch: 720	Test Score: 500
Test Epoch: 721	Test Score: 500
Test Epoch: 722	Test Score: 500
Test Epoch: 723	Test Score: 500
Test Epoch: 724	Test Score: 500
Test Epoch: 725	Test Score: 500
Test Epoch: 726	Test Score: 500
Test Epoch: 727	Test Score: 500
Test Epoch: 728	Test Score: 500
Test Epoch: 729	Test Score: 500
Test Epoch: 730	Test Score: 500
Test Epoch: 731	Test Score: 500
Test Epoch: 732	Test Score: 500
Test Epoch: 733	Test Score: 500
Test Epoch: 734	Test Score: 500
Test Epoch: 735	Test Score: 23
Test Epoch: 736	Test Score: 500
Test Epoch: 737	Test Score: 500
Test Epoch: 738	Test Score: 500
Test Epoch: 739	Test Score: 500
Test Epoch: 740	Test Score: 500
Test Epoch: 741	Test Score: 500
Test Epoch: 742	Test Score: 500
Test Epoch: 743	Test Score: 500
Test Epoch: 744	Test Score: 500
Test Epoch: 745	Test Score: 500
Test Epoch: 746	Test Score: 500
Test Epoch: 747	Test Score: 500
Test Epoch: 748	Test Score: 500
Test Epoch: 749	Test Score: 500
Test Epoch: 750	Test Score: 500
Test Epoch: 751	Test Score: 500
Test Epoch: 752	Test Score: 500
Test Epoch: 753	Test Score: 500
Test Epoch: 754	Test Score: 500
Test Epoch: 755	Test Score: 500
Test Epoch: 756	Test Score: 500
Test Epoch: 757	Test Score: 500
Test Epoch: 758	Test Score: 500
Test Epoch: 759	Test Score: 500
Test Epoch: 760	Test Score: 500
Test Epoch: 761	Test Score: 500
Test Epoch: 762	Test Score: 500
Test Epoch: 763	Test Score: 500
Test Epoch: 764	Test Score: 500
Test Epoch: 765	Test Score: 500
Test Epoch: 766	Test Score: 500
Test Epoch: 767	Test Score: 500
Test Epoch: 768	Test Score: 500
Test Epoch: 769	Test Score: 500
Test Epoch: 770	Test Score: 500
Test Epoch: 771	Test Score: 500
Test Epoch: 772	Test Score: 500
Test Epoch: 773	Test Score: 500
Test Epoch: 774	Test Score: 500
Test Epoch: 775	Test Score: 500
Test Epoch: 776	Test Score: 500
Test Epoch: 777	Test Score: 500
Test Epoch: 778	Test Score: 500
Test Epoch: 779	Test Score: 500
Test Epoch: 780	Test Score: 87
Test Epoch: 781	Test Score: 500
Test Epoch: 782	Test Score: 500
Test Epoch: 783	Test Score: 500
Test Epoch: 784	Test Score: 500
Test Epoch: 785	Test Score: 500
Test Epoch: 786	Test Score: 500
Test Epoch: 787	Test Score: 500
Test Epoch: 788	Test Score: 500
Test Epoch: 789	Test Score: 500
Test Epoch: 790	Test Score: 500
Test Epoch: 791	Test Score: 500
Test Epoch: 792	Test Score: 500
Test Epoch: 793	Test Score: 500
Test Epoch: 794	Test Score: 500
Test Epoch: 795	Test Score: 500
Test Epoch: 796	Test Score: 500
Test Epoch: 797	Test Score: 500
Test Epoch: 798	Test Score: 500
Test Epoch: 799	Test Score: 500
Test Epoch: 800	Test Score: 500
Test Epoch: 801	Test Score: 500
Test Epoch: 802	Test Score: 500
Test Epoch: 803	Test Score: 500
Test Epoch: 804	Test Score: 500
Test Epoch: 805	Test Score: 500
Test Epoch: 806	Test Score: 500
Test Epoch: 807	Test Score: 500
Test Epoch: 808	Test Score: 500
Test Epoch: 809	Test Score: 500
Test Epoch: 810	Test Score: 500
Test Epoch: 811	Test Score: 500
Test Epoch: 812	Test Score: 500
Test Epoch: 813	Test Score: 500
Test Epoch: 814	Test Score: 500
Test Epoch: 815	Test Score: 500
Test Epoch: 816	Test Score: 91
Test Epoch: 817	Test Score: 500
Test Epoch: 818	Test Score: 500
Test Epoch: 819	Test Score: 500
Test Epoch: 820	Test Score: 500
Test Epoch: 821	Test Score: 500
Test Epoch: 822	Test Score: 500
Test Epoch: 823	Test Score: 500
Test Epoch: 824	Test Score: 500
Test Epoch: 825	Test Score: 500
Test Epoch: 826	Test Score: 500
Test Epoch: 827	Test Score: 500
Test Epoch: 828	Test Score: 500
Test Epoch: 829	Test Score: 500
Test Epoch: 830	Test Score: 500
Test Epoch: 831	Test Score: 500
Test Epoch: 832	Test Score: 500
Test Epoch: 833	Test Score: 500
Test Epoch: 834	Test Score: 500
Test Epoch: 835	Test Score: 500
Test Epoch: 836	Test Score: 500
Test Epoch: 837	Test Score: 500
Test Epoch: 838	Test Score: 500
Test Epoch: 839	Test Score: 500
Test Epoch: 840	Test Score: 500
Test Epoch: 841	Test Score: 500
Test Epoch: 842	Test Score: 500
Test Epoch: 843	Test Score: 500
Test Epoch: 844	Test Score: 500
Test Epoch: 845	Test Score: 500
Test Epoch: 846	Test Score: 500
Test Epoch: 847	Test Score: 500
Test Epoch: 848	Test Score: 500
Test Epoch: 849	Test Score: 500
Test Epoch: 850	Test Score: 500
Test Epoch: 851	Test Score: 500
Test Epoch: 852	Test Score: 500
Test Epoch: 853	Test Score: 500
Test Epoch: 854	Test Score: 500
Test Epoch: 855	Test Score: 500
Test Epoch: 856	Test Score: 500
Test Epoch: 857	Test Score: 500
Test Epoch: 858	Test Score: 500
Test Epoch: 859	Test Score: 500
Test Epoch: 860	Test Score: 500
Test Epoch: 861	Test Score: 500
Test Epoch: 862	Test Score: 500
Test Epoch: 863	Test Score: 500
Test Epoch: 864	Test Score: 500
Test Epoch: 865	Test Score: 500
Test Epoch: 866	Test Score: 500
Test Epoch: 867	Test Score: 500
Test Epoch: 868	Test Score: 500
Test Epoch: 869	Test Score: 500
Test Epoch: 870	Test Score: 500
Test Epoch: 871	Test Score: 500
Test Epoch: 872	Test Score: 500
Test Epoch: 873	Test Score: 500
Test Epoch: 874	Test Score: 500
Test Epoch: 875	Test Score: 500
Test Epoch: 876	Test Score: 500
Test Epoch: 877	Test Score: 500
Test Epoch: 878	Test Score: 500
Test Epoch: 879	Test Score: 500
Test Epoch: 880	Test Score: 500
Test Epoch: 881	Test Score: 500
Test Epoch: 882	Test Score: 500
Test Epoch: 883	Test Score: 500
Test Epoch: 884	Test Score: 500
Test Epoch: 885	Test Score: 500
Test Epoch: 886	Test Score: 500
Test Epoch: 887	Test Score: 500
Test Epoch: 888	Test Score: 500
Test Epoch: 889	Test Score: 500
Test Epoch: 890	Test Score: 500
Test Epoch: 891	Test Score: 500
Test Epoch: 892	Test Score: 500
Test Epoch: 893	Test Score: 500
Test Epoch: 894	Test Score: 500
Test Epoch: 895	Test Score: 500
Test Epoch: 896	Test Score: 500
Test Epoch: 897	Test Score: 500
Test Epoch: 898	Test Score: 500
Test Epoch: 899	Test Score: 500
Test Epoch: 900	Test Score: 500
Test Epoch: 901	Test Score: 500
Test Epoch: 902	Test Score: 500
Test Epoch: 903	Test Score: 500
Test Epoch: 904	Test Score: 500
Test Epoch: 905	Test Score: 500
Test Epoch: 906	Test Score: 500
Test Epoch: 907	Test Score: 500
Test Epoch: 908	Test Score: 500
Test Epoch: 909	Test Score: 500
Test Epoch: 910	Test Score: 500
Test Epoch: 911	Test Score: 500
Test Epoch: 912	Test Score: 500
Test Epoch: 913	Test Score: 500
Test Epoch: 914	Test Score: 500
Test Epoch: 915	Test Score: 500
Test Epoch: 916	Test Score: 500
Test Epoch: 917	Test Score: 500
Test Epoch: 918	Test Score: 500
Test Epoch: 919	Test Score: 500
Test Epoch: 920	Test Score: 500
Test Epoch: 921	Test Score: 500
Test Epoch: 922	Test Score: 500
Test Epoch: 923	Test Score: 500
Test Epoch: 924	Test Score: 500
Test Epoch: 925	Test Score: 500
Test Epoch: 926	Test Score: 500
Test Epoch: 927	Test Score: 500
Test Epoch: 928	Test Score: 500
Test Epoch: 929	Test Score: 500
Test Epoch: 930	Test Score: 500
Test Epoch: 931	Test Score: 500
Test Epoch: 932	Test Score: 500
Test Epoch: 933	Test Score: 500
Test Epoch: 934	Test Score: 500
Test Epoch: 935	Test Score: 500
Test Epoch: 936	Test Score: 500
Test Epoch: 937	Test Score: 500
Test Epoch: 938	Test Score: 500
Test Epoch: 939	Test Score: 500
Test Epoch: 940	Test Score: 500
Test Epoch: 941	Test Score: 500
Test Epoch: 942	Test Score: 500
Test Epoch: 943	Test Score: 500
Test Epoch: 944	Test Score: 500
Test Epoch: 945	Test Score: 500
Test Epoch: 946	Test Score: 500
Test Epoch: 947	Test Score: 500
Test Epoch: 948	Test Score: 500
Test Epoch: 949	Test Score: 500
Test Epoch: 950	Test Score: 500
Test Epoch: 951	Test Score: 500
Test Epoch: 952	Test Score: 33
Test Epoch: 953	Test Score: 500
Test Epoch: 954	Test Score: 500
Test Epoch: 955	Test Score: 500
Test Epoch: 956	Test Score: 500
Test Epoch: 957	Test Score: 500
Test Epoch: 958	Test Score: 500
Test Epoch: 959	Test Score: 500
Test Epoch: 960	Test Score: 500
Test Epoch: 961	Test Score: 500
Test Epoch: 962	Test Score: 500
Test Epoch: 963	Test Score: 500
Test Epoch: 964	Test Score: 500
Test Epoch: 965	Test Score: 500
Test Epoch: 966	Test Score: 500
Test Epoch: 967	Test Score: 500
Test Epoch: 968	Test Score: 500
Test Epoch: 969	Test Score: 500
Test Epoch: 970	Test Score: 500
Test Epoch: 971	Test Score: 500
Test Epoch: 972	Test Score: 500
Test Epoch: 973	Test Score: 500
Test Epoch: 974	Test Score: 500
Test Epoch: 975	Test Score: 500
Test Epoch: 976	Test Score: 500
Test Epoch: 977	Test Score: 500
Test Epoch: 978	Test Score: 500
Test Epoch: 979	Test Score: 500
Test Epoch: 980	Test Score: 500
Test Epoch: 981	Test Score: 500
Test Epoch: 982	Test Score: 500
Test Epoch: 983	Test Score: 500
Test Epoch: 984	Test Score: 500
Test Epoch: 985	Test Score: 500
Test Epoch: 986	Test Score: 500
Test Epoch: 987	Test Score: 500
Test Epoch: 988	Test Score: 500
Test Epoch: 989	Test Score: 500
Test Epoch: 990	Test Score: 500
Test Epoch: 991	Test Score: 500
Test Epoch: 992	Test Score: 500
Test Epoch: 993	Test Score: 500
Test Epoch: 994	Test Score: 500
Test Epoch: 995	Test Score: 500
Test Epoch: 996	Test Score: 500
Test Epoch: 997	Test Score: 500
Test Epoch: 998	Test Score: 500
Test Epoch: 999	Test Score: 500
